Removed Pin From Net: NetName=VCC_3.3V Pin=C4-2
Removed Pin From Net: NetName=HEARTBEAT Pin=D1-1
Removed Pin From Net: NetName=SHUTDOWN Pin=D2-1
Removed Pin From Net: NetName=CanRx_FromBuff Pin=D3-1
Removed Pin From Net: NetName=CanTx_FromBuff Pin=D4-1
Removed Pin From Net: NetName=RESET_FromBuff Pin=D5-1
Removed Pin From Net: NetName=VCC_5V Pin=D6-1
Removed Pin From Net: NetName=12V_Fused Pin=D7-1
Removed Pin From Net: NetName=GND Pin=R1-1
Removed Pin From Net: NetName=GND Pin=R2-1
Removed Pin From Net: NetName=GND Pin=R3-1
Removed Pin From Net: NetName=GND Pin=R4-1
Removed Pin From Net: NetName=GND Pin=R5-1
Removed Pin From Net: NetName=GND Pin=R6-1
Removed Pin From Net: NetName=GND Pin=R7-1
Added Pin To Net: NetName=VCC_3.3V Pin=C4-2
Added Pin To Net: NetName=GND Pin=D1-2
Added Pin To Net: NetName=GND Pin=D2-2
Added Pin To Net: NetName=GND Pin=D3-2
Added Pin To Net: NetName=GND Pin=D4-2
Added Pin To Net: NetName=GND Pin=D5-2
Added Pin To Net: NetName=GND Pin=D6-2
Added Pin To Net: NetName=GND Pin=D7-2
Added Pin To Net: NetName=HEARTBEAT Pin=R1-2
Added Pin To Net: NetName=SHUTDOWN Pin=R2-2
Added Pin To Net: NetName=CanRx_FromBuff Pin=R3-2
Added Pin To Net: NetName=CanTx_FromBuff Pin=R4-2
Added Pin To Net: NetName=RESET_FromBuff Pin=R5-2
Added Pin To Net: NetName=VCC_5V Pin=R6-2
Added Pin To Net: NetName=12V_Fused Pin=R7-2
Added Pin To Net: NetName=NetD1_1 Pin=D1-1
Added Pin To Net: NetName=NetD1_1 Pin=R1-1
Added Net: Name=NetD1_1
Added Pin To Net: NetName=NetD2_1 Pin=D2-1
Added Pin To Net: NetName=NetD2_1 Pin=R2-1
Added Net: Name=NetD2_1
Added Pin To Net: NetName=NetD3_1 Pin=D3-1
Added Pin To Net: NetName=NetD3_1 Pin=R3-1
Added Net: Name=NetD3_1
Added Pin To Net: NetName=NetD4_1 Pin=D4-1
Added Pin To Net: NetName=NetD4_1 Pin=R4-1
Added Net: Name=NetD4_1
Added Pin To Net: NetName=NetD5_1 Pin=D5-1
Added Pin To Net: NetName=NetD5_1 Pin=R5-1
Added Net: Name=NetD5_1
Added Pin To Net: NetName=NetD6_1 Pin=D6-1
Added Pin To Net: NetName=NetD6_1 Pin=R6-1
Added Net: Name=NetD6_1
Added Pin To Net: NetName=NetD7_1 Pin=D7-1
Added Pin To Net: NetName=NetD7_1 Pin=R7-1
Added Net: Name=NetD7_1
