Removed Pin From Net: NetName=NetC23_2 Pin=D1-1
Removed Pin From Net: NetName=GND Pin=D1-2
Removed Pin From Net: NetName=VOUT2 Pin=D2-2
Removed Pin From Net: NetName=VOUT1 Pin=D3-1
Removed Pin From Net: NetName=NetC23_2 Pin=D3-2
Change Component Footprint: Designator=R8 Old Footprint=Resistor, TH New Footprint=RESAD640W45L370D200 - duplicate
Change Component Footprint: Designator=R9 Old Footprint=Resistor, TH New Footprint=RESAD640W45L370D200 - duplicate
Change Component Footprint: Designator=R11 Old Footprint=Resistor, TH New Footprint=RESAD640W45L370D200 - duplicate
Change Component Footprint: Designator=R16 Old Footprint=Resistor, TH New Footprint=RESAD640W45L370D200 - duplicate
Change Component Footprint: Designator=R17 Old Footprint=Resistor, TH New Footprint=RESAD640W45L370D200 - duplicate
Change Component Footprint: Designator=R18 Old Footprint=Resistor, TH New Footprint=RESAD640W45L370D200 - duplicate
Change Component Footprint: Designator=R19 Old Footprint=Resistor, TH New Footprint=RESAD640W45L370D200 - duplicate
Change Component Footprint: Designator=R20 Old Footprint=Resistor, TH New Footprint=RESAD640W45L370D200 - duplicate
Change Component Footprint: Designator=R21 Old Footprint=Resistor, TH New Footprint=RESAD640W45L370D200 - duplicate
Change Component Footprint: Designator=R22 Old Footprint=Resistor, TH New Footprint=RESAD640W45L370D200 - duplicate
Change Component Footprint: Designator=R23 Old Footprint=Resistor, TH New Footprint=RESAD640W45L370D200 - duplicate
Change Component Footprint: Designator=R24 Old Footprint=Resistor, TH New Footprint=RESAD640W45L370D200 - duplicate
Change Component Footprint: Designator=R25 Old Footprint=Resistor, TH New Footprint=RESAD640W45L370D200 - duplicate
Change Component Footprint: Designator=R26 Old Footprint=Resistor, TH New Footprint=RESAD640W45L370D200 - duplicate
Change Component Footprint: Designator=R27 Old Footprint=Resistor, TH New Footprint=RESAD640W45L370D200 - duplicate
Change Component Comment : Designator=U4 Old Comment=FSM4JSMA New Comment=Reset Button
Change Component Comment : Designator=L1 Old Comment=LQH5BPB220MT0L New Comment=35.2uH
Change Component Comment : Designator=L2 Old Comment=LQH5BPB220MT0L New Comment=35.2uH
Change Component Comment : Designator=R19 Old Comment=Value? New Comment=1.21k 5%
Change Component Comment : Designator=R24 Old Comment=Value? New Comment=1M
Change Component Comment : Designator=C23 Old Comment=Value? New Comment=1uF
Change Component Comment : Designator=C24 Old Comment=Value? New Comment=1uF
Change Component Comment : Designator=R20 Old Comment=Value? New Comment=2k
Change Component Comment : Designator=C25 Old Comment=Value? New Comment=4.7pF
Change Component Comment : Designator=C21 Old Comment=Value? New Comment=4.7uF
Change Component Comment : Designator=R21 Old Comment=Value? New Comment=10k
Change Component Comment : Designator=C7 Old Comment=Value? New Comment=10uF
Change Component Comment : Designator=C11 Old Comment=Value? New Comment=10uF
Change Component Comment : Designator=R12 Old Comment=Value? New Comment=12k
Change Component Comment : Designator=R14 Old Comment=Value? New Comment=12k
Change Component Comment : Designator=C6 Old Comment=Value? New Comment=47nF
Change Component Comment : Designator=C9 Old Comment=Value? New Comment=47nF
Change Component Comment : Designator=C10 Old Comment=Value? New Comment=47nF
Change Component Comment : Designator=R27 Old Comment=Value? New Comment=50k
Change Component Comment : Designator=R8 Old Comment=Value? New Comment=100k
Change Component Comment : Designator=R9 Old Comment=Value? New Comment=100k
Change Component Comment : Designator=R11 Old Comment=Value? New Comment=100k
Change Component Comment : Designator=C18 Old Comment=Value? New Comment=100nF
Change Component Comment : Designator=C19 Old Comment=Value? New Comment=100nF
Change Component Comment : Designator=C20 Old Comment=Value? New Comment=100nF
Change Component Comment : Designator=C22 Old Comment=Value? New Comment=100pF
Change Component Comment : Designator=R25 Old Comment=Value? New Comment=105k
Change Component Comment : Designator=R17 Old Comment=Value? New Comment=120r
Change Component Comment : Designator=R22 Old Comment=Value? New Comment=120r
Change Component Comment : Designator=R23 Old Comment=Value? New Comment=120r
Change Component Comment : Designator=R13 Old Comment=Value? New Comment=160r
Change Component Comment : Designator=R15 Old Comment=Value? New Comment=160r
Change Component Comment : Designator=R16 Old Comment=Value? New Comment=160r
Change Component Comment : Designator=C5 Old Comment=Value? New Comment=500nF
Change Component Comment : Designator=R26 Old Comment=Value? New Comment=560k
Change Component Comment : Designator=R18 Old Comment=Value? New Comment=806r
Change Component Comment : Designator=C26 Old Comment=Value? New Comment=.1uF
Change component parameters: Designator = "J2" ("J2"); Footprint = "61300411121"; UniqueID = "\WAFOMYZT" ("\WAFOMYZT")
Change component parameters (AddParameter): Name = "Contact Resistance"; Value = "20mOhm"; VariantName = "[No Variations]"
Change component parameters (AddParameter): Name = "Datasheet URL"; Value = "https://katalog.we-online.de/em/datasheet/6130xx11121.pdf"; VariantName = "[No Variations]"
Change component parameters (AddParameter): Name = "Gender"; Value = "Male"; VariantName = "[No Variations]"
Change component parameters (AddParameter): Name = "Manufacturer"; Value = "Wurth Elektronik"; VariantName = "[No Variations]"
Change component parameters (AddParameter): Name = "Manufacturer Part Number"; Value = "61300411121"; VariantName = "[No Variations]"
Change component parameters (AddParameter): Name = "Manufacturer URL"; Value = "http://www.we-online.de"; VariantName = "[No Variations]"
Change component parameters (AddParameter): Name = "Mounting Technology"; Value = "THT"; VariantName = "[No Variations]"
Change component parameters (AddParameter): Name = "Operating Temperature"; Value = "-40to105degC"; VariantName = "[No Variations]"
Change component parameters (AddParameter): Name = "Orientation"; Value = "Vertical"; VariantName = "[No Variations]"
Change component parameters (AddParameter): Name = "Package Reference"; Value = "61300411121"; VariantName = "[No Variations]"
Change component parameters (AddParameter): Name = "Packaging"; Value = "Bag"; VariantName = "[No Variations]"
Change component parameters (AddParameter): Name = "Part Number"; Value = "61300411121"; VariantName = "[No Variations]"
Change component parameters (AddParameter): Name = "Pin Number"; Value = "4"; VariantName = "[No Variations]"
Change component parameters (AddParameter): Name = "Pitch"; Value = "2.54mm"; VariantName = "[No Variations]"
Change component parameters (AddParameter): Name = "Publisher"; Value = "WurthElektronik"; VariantName = "[No Variations]"
Change component parameters (AddParameter): Name = "Rated Current"; Value = "3A"; VariantName = "[No Variations]"
Change component parameters (AddParameter): Name = "Row Number"; Value = "Single"; VariantName = "[No Variations]"
Change component parameters (AddParameter): Name = "Withstanding Voltage"; Value = "500VAC"; VariantName = "[No Variations]"
Change component parameters (AddParameter): Name = "Working Voltage"; Value = "250VAC"; VariantName = "[No Variations]"
Change component parameters: Designator = "U3" ("U3"); Footprint = "LT-MS-16_M"; UniqueID = "\FEJHSXSK" ("\FEJHSXSK")
Change component parameters (AddParameter): Name = "ComponentLink1Description"; Value = "Manufacturer URL"; VariantName = "[No Variations]"
Change component parameters (AddParameter): Name = "ComponentLink1URL"; Value = "http://www.linear.com/"; VariantName = "[No Variations]"
Change component parameters (AddParameter): Name = "ComponentLink2Description"; Value = "Datasheet"; VariantName = "[No Variations]"
Change component parameters (AddParameter): Name = "ComponentLink2URL"; Value = "http://cds.linear.com/docs/en/datasheet/6820fa.pdf"; VariantName = "[No Variations]"
Change component parameters (AddParameter): Name = "ComponentLink3Description"; Value = "Package Specification"; VariantName = "[No Variations]"
Change component parameters (AddParameter): Name = "ComponentLink3URL"; Value = "http://cds.linear.com/docs/en/packaging/05081669_A_MS16.pdf"; VariantName = "[No Variations]"
Change component parameters (AddParameter): Name = "DatasheetVersion"; Value = "Rev. A"; VariantName = "[No Variations]"
Change component parameters (AddParameter): Name = "IO Supply Current"; Value = "1 uA Max."; VariantName = "[No Variations]"
Change component parameters (AddParameter): Name = "IO Supply Voltage Range"; Value = "1.7 to 5.5 V"; VariantName = "[No Variations]"
Change component parameters (AddParameter): Name = "Manufacturer"; Value = "Linear Technology"; VariantName = "[No Variations]"
Change component parameters (AddParameter): Name = "Manufacturer Part Number"; Value = "LTC6820IMS#TRPBF"; VariantName = "[No Variations]"
Change component parameters (AddParameter): Name = "Mounting Technology"; Value = "Surface Mount"; VariantName = "[No Variations]"
Change component parameters (AddParameter): Name = "PackageDescription"; Value = "16-Pin Micro Small Outline Package, Body 4.039 x 3 mm, Pitch 0.5 mm"; VariantName = "[No Variations]"
Change component parameters (AddParameter): Name = "PackageReference"; Value = "MS-16"; VariantName = "[No Variations]"
Change component parameters (AddParameter): Name = "PackageVersion"; Value = "Rev. A"; VariantName = "[No Variations]"
Change component parameters (AddParameter): Name = "Packing"; Value = "Tape and Reel"; VariantName = "[No Variations]"
Change component parameters (AddParameter): Name = "PartNumber"; Value = "LTC6820IMS#TRPBF"; VariantName = "[No Variations]"
Change component parameters (AddParameter): Name = "Power Supply"; Value = "2.7 to 5.5 V"; VariantName = "[No Variations]"
Change component parameters (AddParameter): Name = "Receiver Input Resistance"; Value = "35 kOhm"; VariantName = "[No Variations]"
Change component parameters (AddParameter): Name = "Supply Current, IDLE State"; Value = "2 uA"; VariantName = "[No Variations]"
Change component parameters (AddParameter): Name = "Temperature Range (degC)"; Value = "-40 to 85"; VariantName = "[No Variations]"
Change component parameters (AddParameter): Name = "VBIAS"; Value = "1.9 to 2.1 V"; VariantName = "[No Variations]"
Added Pin To Net: NetName=NetD2_A Pin=L2-2
Added Pin To Net: NetName=NetD2_A Pin=U9-6
Added Net: Name=NetD2_A
