Removed Pin From Net: NetName=VCC_3.3V Pin=C1-2
Removed Pin From Net: NetName=VCC_3.3V Pin=C2-2
Removed Pin From Net: NetName=VCC_3.3V Pin=C3-2
Removed Pin From Net: NetName=VCC_3.3V Pin=C4-2
Removed Pin From Net: NetName=VCC_5V Pin=C6-2
Removed Pin From Net: NetName=VCC_5V Pin=C_CAN_1-1
Removed Pin From Net: NetName=GND Pin=C_CAN_1-2
Removed Pin From Net: NetName=GND Pin=C_CSI_1-1
Removed Pin From Net: NetName=GND Pin=C_CSI_2-1
Removed Pin From Net: NetName=VCC_12V Pin=C_CSI_3-2
Removed Pin From Net: NetName=GND Pin=C_SPI_4-1
Removed Pin From Net: NetName=VCC_5V Pin=C_SPI_4-2
Removed Pin From Net: NetName=GND Pin=C_SPI_5-1
Removed Pin From Net: NetName=VCC_3.3V Pin=C_SPI_5-2
Removed Pin From Net: NetName=GND Pin=CVin1-1
Removed Pin From Net: NetName=12V_Fused Pin=CVin1-2
Removed Pin From Net: NetName=GND Pin=CVin2-1
Removed Pin From Net: NetName=12V_Fused Pin=CVin2-2
Removed Pin From Net: NetName=GND Pin=CVin3-1
Removed Pin From Net: NetName=GND Pin=CVRegulated1-1
Removed Pin From Net: NetName=VCC_5V Pin=CVRegulated1-2
Removed Pin From Net: NetName=VCC_5V Pin=R_BUTTON_1-2
Removed Pin From Net: NetName=GND Pin=R_CAN_1-1
Removed Pin From Net: NetName=GND Pin=R_CAN_2-1
Removed Pin From Net: NetName=NetJ4_4 Pin=R_CAN_3-1
Removed Pin From Net: NetName=NetJ4_3 Pin=R_CAN_3-2
Removed Pin From Net: NetName=GND Pin=R_CSI_2-1
Removed Pin From Net: NetName=NC Pin=R_JTAG_1-1
Removed Pin From Net: NetName=VCC_3.3V Pin=R_JTAG_1-2
Removed Pin From Net: NetName=NC Pin=R_JTAG_2-1
Removed Pin From Net: NetName=VCC_3.3V Pin=R_JTAG_2-2
Removed Pin From Net: NetName=NC Pin=R_JTAG_3-1
Removed Pin From Net: NetName=VCC_3.3V Pin=R_JTAG_3-2
Removed Pin From Net: NetName=GND Pin=R_JTAG_4-1
Removed Pin From Net: NetName=NC Pin=R_JTAG_4-2
Removed Pin From Net: NetName=IM Pin=R_SPI_1-1
Removed Pin From Net: NetName=IP Pin=R_SPI_1-2
Removed Pin From Net: NetName=GND Pin=R_SPI_3-1
Removed Pin From Net: NetName=MISO Pin=R_SPI_6-1
Removed Pin From Net: NetName=VCC_3.3V Pin=R_SPI_6-2
Removed Pin From Net: NetName=GND Pin=SWcap1-1
Removed Pin From Net: NetName=VCC_3.3V Pin=SWcap1-2
Removed Member From Class: ClassName=PROCESSOR Member=C1
Removed Member From Class: ClassName=PROCESSOR Member=C2
Removed Member From Class: ClassName=PROCESSOR Member=C3
Removed Member From Class: ClassName=PROCESSOR Member=C4
Removed Member From Class: ClassName=PROCESSOR Member=C5
Removed Member From Class: ClassName=PROCESSOR Member=C6
Removed Member From Class: ClassName=COMMUNICATIONS Member=C_CAN_1
Removed Member From Class: ClassName=CONNECTORS Member=C_CSI_1
Removed Member From Class: ClassName=CONNECTORS Member=C_CSI_2
Removed Member From Class: ClassName=CONNECTORS Member=C_CSI_3
Removed Member From Class: ClassName=CONNECTORS Member=C_CSI_4
Removed Member From Class: ClassName=CONNECTORS Member=C_CSI_5
Removed Member From Class: ClassName=COMMUNICATIONS Member=C_SPI_4
Removed Member From Class: ClassName=COMMUNICATIONS Member=C_SPI_5
Removed Member From Class: ClassName=POWER Member=CVin1
Removed Member From Class: ClassName=POWER Member=CVin2
Removed Member From Class: ClassName=POWER Member=CVin3
Removed Member From Class: ClassName=POWER Member=CVRegulated1
Removed Member From Class: ClassName=CONNECTORS Member=R_BUTTON_1
Removed Member From Class: ClassName=COMMUNICATIONS Member=R_CAN_1
Removed Member From Class: ClassName=COMMUNICATIONS Member=R_CAN_2
Removed Member From Class: ClassName=COMMUNICATIONS Member=R_CAN_3
Removed Member From Class: ClassName=CONNECTORS Member=R_CSI_1
Removed Member From Class: ClassName=CONNECTORS Member=R_CSI_2
Removed Member From Class: ClassName=CONNECTORS Member=R_CSI_3
Removed Member From Class: ClassName=CONNECTORS Member=R_CSI_4
Removed Member From Class: ClassName=CONNECTORS Member=R_JTAG_1
Removed Member From Class: ClassName=CONNECTORS Member=R_JTAG_2
Removed Member From Class: ClassName=CONNECTORS Member=R_JTAG_3
Removed Member From Class: ClassName=CONNECTORS Member=R_JTAG_4
Removed Member From Class: ClassName=COMMUNICATIONS Member=R_SPI_1
Removed Member From Class: ClassName=COMMUNICATIONS Member=R_SPI_2
Removed Member From Class: ClassName=COMMUNICATIONS Member=R_SPI_3
Removed Member From Class: ClassName=COMMUNICATIONS Member=R_SPI_6
Removed Member From Class: ClassName=CONNECTORS Member=SWcap1
Change Component Footprint: Designator=C1 Old Footprint=RAD-0.3 New Footprint=Cap, 5mm TH, Ceramic
Change Component Footprint: Designator=C2 Old Footprint=RAD-0.3 New Footprint=Cap, 5mm TH, Ceramic
Change Component Footprint: Designator=C3 Old Footprint=RAD-0.3 New Footprint=Cap, 5mm TH, Ceramic
Change Component Footprint: Designator=C4 Old Footprint=RAD-0.3 New Footprint=Cap, 5mm TH, Ceramic
Change Component Footprint: Designator=C5 Old Footprint=RAD-0.3 New Footprint=Cap, 5mm TH, Ceramic
Change Component Footprint: Designator=C6 Old Footprint=RAD-0.3 New Footprint=Cap, 5mm TH, Ceramic
Change Component Comment : Designator=C1 Old Comment= New Comment=10uF
Change Component Comment : Designator=C2 Old Comment= New Comment=10uF
Change Component Comment : Designator=C3 Old Comment= New Comment=10uF
Change Component Comment : Designator=C4 Old Comment= New Comment=10uF
Change Component Comment : Designator=C6 Old Comment= New Comment=47nF
Change Component Comment : Designator=C5 Old Comment= New Comment=500nF
Change component parameters: Designator = "C1" ("C1"); Footprint = "RAD-0.3"; UniqueID = "\SHUUMMBG" ("\SHUUMMBG")
Change component parameters (AddParameter): Name = "Published"; Value = "22Oct2016"; VariantName = "[No Variations]"
Change component parameters (AddParameter): Name = "Publisher"; Value = "T.Tallo"; VariantName = "[No Variations]"
Change component parameters (AddParameter): Name = "Status"; Value = "Active"; VariantName = "[No Variations]"
Change component parameters (AddParameter): Name = "TargetLibrary"; Value = "RITRacing-Passives"; VariantName = "[No Variations]"
Change component parameters (AddParameter): Name = "Value"; Value = "Value?"; VariantName = "[No Variations]"
Change component parameters: Designator = "C2" ("C2"); Footprint = "RAD-0.3"; UniqueID = "\SNKXHMAF" ("\SNKXHMAF")
Change component parameters (AddParameter): Name = "Published"; Value = "22Oct2016"; VariantName = "[No Variations]"
Change component parameters (AddParameter): Name = "Publisher"; Value = "T.Tallo"; VariantName = "[No Variations]"
Change component parameters (AddParameter): Name = "Status"; Value = "Active"; VariantName = "[No Variations]"
Change component parameters (AddParameter): Name = "TargetLibrary"; Value = "RITRacing-Passives"; VariantName = "[No Variations]"
Change component parameters (AddParameter): Name = "Value"; Value = "Value?"; VariantName = "[No Variations]"
Change component parameters: Designator = "C3" ("C3"); Footprint = "RAD-0.3"; UniqueID = "\EYKCHGFT" ("\EYKCHGFT")
Change component parameters (AddParameter): Name = "Published"; Value = "22Oct2016"; VariantName = "[No Variations]"
Change component parameters (AddParameter): Name = "Publisher"; Value = "T.Tallo"; VariantName = "[No Variations]"
Change component parameters (AddParameter): Name = "Status"; Value = "Active"; VariantName = "[No Variations]"
Change component parameters (AddParameter): Name = "TargetLibrary"; Value = "RITRacing-Passives"; VariantName = "[No Variations]"
Change component parameters (AddParameter): Name = "Value"; Value = "Value?"; VariantName = "[No Variations]"
Change component parameters: Designator = "C4" ("C4"); Footprint = "RAD-0.3"; UniqueID = "\CIZQDAXD" ("\CIZQDAXD")
Change component parameters (AddParameter): Name = "Published"; Value = "22Oct2016"; VariantName = "[No Variations]"
Change component parameters (AddParameter): Name = "Publisher"; Value = "T.Tallo"; VariantName = "[No Variations]"
Change component parameters (AddParameter): Name = "Status"; Value = "Active"; VariantName = "[No Variations]"
Change component parameters (AddParameter): Name = "TargetLibrary"; Value = "RITRacing-Passives"; VariantName = "[No Variations]"
Change component parameters (AddParameter): Name = "Value"; Value = "Value?"; VariantName = "[No Variations]"
Change component parameters: Designator = "C5" ("C5"); Footprint = "RAD-0.3"; UniqueID = "\OGBILSFZ" ("\OGBILSFZ")
Change component parameters (AddParameter): Name = "Published"; Value = "22Oct2016"; VariantName = "[No Variations]"
Change component parameters (AddParameter): Name = "Publisher"; Value = "T.Tallo"; VariantName = "[No Variations]"
Change component parameters (AddParameter): Name = "Status"; Value = "Active"; VariantName = "[No Variations]"
Change component parameters (AddParameter): Name = "TargetLibrary"; Value = "RITRacing-Passives"; VariantName = "[No Variations]"
Change component parameters (AddParameter): Name = "Value"; Value = "Value?"; VariantName = "[No Variations]"
Change component parameters: Designator = "C6" ("C6"); Footprint = "RAD-0.3"; UniqueID = "\NOIFGHGP" ("\NOIFGHGP")
Change component parameters (AddParameter): Name = "Published"; Value = "22Oct2016"; VariantName = "[No Variations]"
Change component parameters (AddParameter): Name = "Publisher"; Value = "T.Tallo"; VariantName = "[No Variations]"
Change component parameters (AddParameter): Name = "Status"; Value = "Active"; VariantName = "[No Variations]"
Change component parameters (AddParameter): Name = "TargetLibrary"; Value = "RITRacing-Passives"; VariantName = "[No Variations]"
Change component parameters (AddParameter): Name = "Value"; Value = "Value?"; VariantName = "[No Variations]"
Added Component: Designator=C7(Cap, 5mm TH, Ceramic)
Add component (AddParameter): Name = "Published"; Value = "22Oct2016"; VariantName = "[No Variations]"
Add component (AddParameter): Name = "Publisher"; Value = "T.Tallo"; VariantName = "[No Variations]"
Add component (AddParameter): Name = "Status"; Value = "Active"; VariantName = "[No Variations]"
Add component (AddParameter): Name = "TargetLibrary"; Value = "RITRacing-Passives"; VariantName = "[No Variations]"
Add component (AddParameter): Name = "Value"; Value = "Value?"; VariantName = "[No Variations]"
Added Component: Designator=C9(Cap, 5mm TH, Ceramic)
Add component (AddParameter): Name = "Published"; Value = "22Oct2016"; VariantName = "[No Variations]"
Add component (AddParameter): Name = "Publisher"; Value = "T.Tallo"; VariantName = "[No Variations]"
Add component (AddParameter): Name = "Status"; Value = "Active"; VariantName = "[No Variations]"
Add component (AddParameter): Name = "TargetLibrary"; Value = "RITRacing-Passives"; VariantName = "[No Variations]"
Add component (AddParameter): Name = "Value"; Value = "Value?"; VariantName = "[No Variations]"
Added Component: Designator=C10(Cap, 5mm TH, Ceramic)
Add component (AddParameter): Name = "Published"; Value = "22Oct2016"; VariantName = "[No Variations]"
Add component (AddParameter): Name = "Publisher"; Value = "T.Tallo"; VariantName = "[No Variations]"
Add component (AddParameter): Name = "Status"; Value = "Active"; VariantName = "[No Variations]"
Add component (AddParameter): Name = "TargetLibrary"; Value = "RITRacing-Passives"; VariantName = "[No Variations]"
Add component (AddParameter): Name = "Value"; Value = "Value?"; VariantName = "[No Variations]"
Added Component: Designator=C11(Cap, 5mm TH, Ceramic)
Add component (AddParameter): Name = "Published"; Value = "22Oct2016"; VariantName = "[No Variations]"
Add component (AddParameter): Name = "Publisher"; Value = "T.Tallo"; VariantName = "[No Variations]"
Add component (AddParameter): Name = "Status"; Value = "Active"; VariantName = "[No Variations]"
Add component (AddParameter): Name = "TargetLibrary"; Value = "RITRacing-Passives"; VariantName = "[No Variations]"
Add component (AddParameter): Name = "Value"; Value = "Value?"; VariantName = "[No Variations]"
Added Component: Designator=C12(Cap, 5mm TH, Ceramic)
Add component (AddParameter): Name = "Published"; Value = "22Oct2016"; VariantName = "[No Variations]"
Add component (AddParameter): Name = "Publisher"; Value = "T.Tallo"; VariantName = "[No Variations]"
Add component (AddParameter): Name = "Status"; Value = "Active"; VariantName = "[No Variations]"
Add component (AddParameter): Name = "TargetLibrary"; Value = "RITRacing-Passives"; VariantName = "[No Variations]"
Add component (AddParameter): Name = "Value"; Value = "Value?"; VariantName = "[No Variations]"
Added Component: Designator=C13(Cap, 5mm TH, Ceramic)
Add component (AddParameter): Name = "Published"; Value = "22Oct2016"; VariantName = "[No Variations]"
Add component (AddParameter): Name = "Publisher"; Value = "T.Tallo"; VariantName = "[No Variations]"
Add component (AddParameter): Name = "Status"; Value = "Active"; VariantName = "[No Variations]"
Add component (AddParameter): Name = "TargetLibrary"; Value = "RITRacing-Passives"; VariantName = "[No Variations]"
Add component (AddParameter): Name = "Value"; Value = "Value?"; VariantName = "[No Variations]"
Added Component: Designator=C14(Cap, 5mm TH, Ceramic)
Add component (AddParameter): Name = "Published"; Value = "22Oct2016"; VariantName = "[No Variations]"
Add component (AddParameter): Name = "Publisher"; Value = "T.Tallo"; VariantName = "[No Variations]"
Add component (AddParameter): Name = "Status"; Value = "Active"; VariantName = "[No Variations]"
Add component (AddParameter): Name = "TargetLibrary"; Value = "RITRacing-Passives"; VariantName = "[No Variations]"
Add component (AddParameter): Name = "Value"; Value = "Value?"; VariantName = "[No Variations]"
Added Component: Designator=C15(Cap, 5mm TH, Ceramic)
Add component (AddParameter): Name = "Published"; Value = "22Oct2016"; VariantName = "[No Variations]"
Add component (AddParameter): Name = "Publisher"; Value = "T.Tallo"; VariantName = "[No Variations]"
Add component (AddParameter): Name = "Status"; Value = "Active"; VariantName = "[No Variations]"
Add component (AddParameter): Name = "TargetLibrary"; Value = "RITRacing-Passives"; VariantName = "[No Variations]"
Add component (AddParameter): Name = "Value"; Value = "Value?"; VariantName = "[No Variations]"
Added Component: Designator=C16(Cap, 5mm TH, Ceramic)
Add component (AddParameter): Name = "Published"; Value = "22Oct2016"; VariantName = "[No Variations]"
Add component (AddParameter): Name = "Publisher"; Value = "T.Tallo"; VariantName = "[No Variations]"
Add component (AddParameter): Name = "Status"; Value = "Active"; VariantName = "[No Variations]"
Add component (AddParameter): Name = "TargetLibrary"; Value = "RITRacing-Passives"; VariantName = "[No Variations]"
Add component (AddParameter): Name = "Value"; Value = "Value?"; VariantName = "[No Variations]"
Added Component: Designator=C17(Cap, 5mm TH, Ceramic)
Add component (AddParameter): Name = "Published"; Value = "22Oct2016"; VariantName = "[No Variations]"
Add component (AddParameter): Name = "Publisher"; Value = "T.Tallo"; VariantName = "[No Variations]"
Add component (AddParameter): Name = "Status"; Value = "Active"; VariantName = "[No Variations]"
Add component (AddParameter): Name = "TargetLibrary"; Value = "RITRacing-Passives"; VariantName = "[No Variations]"
Add component (AddParameter): Name = "Value"; Value = "Value?"; VariantName = "[No Variations]"
Added Component: Designator=C18(Cap, 5mm TH, Ceramic)
Add component (AddParameter): Name = "Published"; Value = "22Oct2016"; VariantName = "[No Variations]"
Add component (AddParameter): Name = "Publisher"; Value = "T.Tallo"; VariantName = "[No Variations]"
Add component (AddParameter): Name = "Status"; Value = "Active"; VariantName = "[No Variations]"
Add component (AddParameter): Name = "TargetLibrary"; Value = "RITRacing-Passives"; VariantName = "[No Variations]"
Add component (AddParameter): Name = "Value"; Value = "Value?"; VariantName = "[No Variations]"
Added Component: Designator=C19(Cap, 5mm TH, Ceramic)
Add component (AddParameter): Name = "Published"; Value = "22Oct2016"; VariantName = "[No Variations]"
Add component (AddParameter): Name = "Publisher"; Value = "T.Tallo"; VariantName = "[No Variations]"
Add component (AddParameter): Name = "Status"; Value = "Active"; VariantName = "[No Variations]"
Add component (AddParameter): Name = "TargetLibrary"; Value = "RITRacing-Passives"; VariantName = "[No Variations]"
Add component (AddParameter): Name = "Value"; Value = "Value?"; VariantName = "[No Variations]"
Added Component: Designator=C20(Cap, 5mm TH, Ceramic)
Add component (AddParameter): Name = "Published"; Value = "22Oct2016"; VariantName = "[No Variations]"
Add component (AddParameter): Name = "Publisher"; Value = "T.Tallo"; VariantName = "[No Variations]"
Add component (AddParameter): Name = "Status"; Value = "Active"; VariantName = "[No Variations]"
Add component (AddParameter): Name = "TargetLibrary"; Value = "RITRacing-Passives"; VariantName = "[No Variations]"
Add component (AddParameter): Name = "Value"; Value = "Value?"; VariantName = "[No Variations]"
Added Component: Designator=R8(Resistor, TH)
Add component (AddParameter): Name = "Published"; Value = "22Oct2016"; VariantName = "[No Variations]"
Add component (AddParameter): Name = "Publisher"; Value = "T.Tallo"; VariantName = "[No Variations]"
Add component (AddParameter): Name = "Status"; Value = "Active"; VariantName = "[No Variations]"
Add component (AddParameter): Name = "TargetLibrary"; Value = "RITRacing-Passives"; VariantName = "[No Variations]"
Add component (AddParameter): Name = "Value"; Value = "Value?"; VariantName = "[No Variations]"
Added Component: Designator=R9(Resistor, TH)
Add component (AddParameter): Name = "Published"; Value = "22Oct2016"; VariantName = "[No Variations]"
Add component (AddParameter): Name = "Publisher"; Value = "T.Tallo"; VariantName = "[No Variations]"
Add component (AddParameter): Name = "Status"; Value = "Active"; VariantName = "[No Variations]"
Add component (AddParameter): Name = "TargetLibrary"; Value = "RITRacing-Passives"; VariantName = "[No Variations]"
Add component (AddParameter): Name = "Value"; Value = "Value?"; VariantName = "[No Variations]"
Added Component: Designator=R10(Resistor, TH)
Add component (AddParameter): Name = "Published"; Value = "22Oct2016"; VariantName = "[No Variations]"
Add component (AddParameter): Name = "Publisher"; Value = "T.Tallo"; VariantName = "[No Variations]"
Add component (AddParameter): Name = "Status"; Value = "Active"; VariantName = "[No Variations]"
Add component (AddParameter): Name = "TargetLibrary"; Value = "RITRacing-Passives"; VariantName = "[No Variations]"
Add component (AddParameter): Name = "Value"; Value = "Value?"; VariantName = "[No Variations]"
Added Component: Designator=R11(Resistor, TH)
Add component (AddParameter): Name = "Published"; Value = "22Oct2016"; VariantName = "[No Variations]"
Add component (AddParameter): Name = "Publisher"; Value = "T.Tallo"; VariantName = "[No Variations]"
Add component (AddParameter): Name = "Status"; Value = "Active"; VariantName = "[No Variations]"
Add component (AddParameter): Name = "TargetLibrary"; Value = "RITRacing-Passives"; VariantName = "[No Variations]"
Add component (AddParameter): Name = "Value"; Value = "Value?"; VariantName = "[No Variations]"
Added Component: Designator=R12(Resistor, TH)
Add component (AddParameter): Name = "Published"; Value = "22Oct2016"; VariantName = "[No Variations]"
Add component (AddParameter): Name = "Publisher"; Value = "T.Tallo"; VariantName = "[No Variations]"
Add component (AddParameter): Name = "Status"; Value = "Active"; VariantName = "[No Variations]"
Add component (AddParameter): Name = "TargetLibrary"; Value = "RITRacing-Passives"; VariantName = "[No Variations]"
Add component (AddParameter): Name = "Value"; Value = "Value?"; VariantName = "[No Variations]"
Added Component: Designator=R13(Resistor, TH)
Add component (AddParameter): Name = "Published"; Value = "22Oct2016"; VariantName = "[No Variations]"
Add component (AddParameter): Name = "Publisher"; Value = "T.Tallo"; VariantName = "[No Variations]"
Add component (AddParameter): Name = "Status"; Value = "Active"; VariantName = "[No Variations]"
Add component (AddParameter): Name = "TargetLibrary"; Value = "RITRacing-Passives"; VariantName = "[No Variations]"
Add component (AddParameter): Name = "Value"; Value = "Value?"; VariantName = "[No Variations]"
Added Component: Designator=R14(Resistor, TH)
Add component (AddParameter): Name = "Published"; Value = "22Oct2016"; VariantName = "[No Variations]"
Add component (AddParameter): Name = "Publisher"; Value = "T.Tallo"; VariantName = "[No Variations]"
Add component (AddParameter): Name = "Status"; Value = "Active"; VariantName = "[No Variations]"
Add component (AddParameter): Name = "TargetLibrary"; Value = "RITRacing-Passives"; VariantName = "[No Variations]"
Add component (AddParameter): Name = "Value"; Value = "Value?"; VariantName = "[No Variations]"
Added Component: Designator=R15(Resistor, TH)
Add component (AddParameter): Name = "Published"; Value = "22Oct2016"; VariantName = "[No Variations]"
Add component (AddParameter): Name = "Publisher"; Value = "T.Tallo"; VariantName = "[No Variations]"
Add component (AddParameter): Name = "Status"; Value = "Active"; VariantName = "[No Variations]"
Add component (AddParameter): Name = "TargetLibrary"; Value = "RITRacing-Passives"; VariantName = "[No Variations]"
Add component (AddParameter): Name = "Value"; Value = "Value?"; VariantName = "[No Variations]"
Added Component: Designator=R16(Resistor, TH)
Add component (AddParameter): Name = "Published"; Value = "22Oct2016"; VariantName = "[No Variations]"
Add component (AddParameter): Name = "Publisher"; Value = "T.Tallo"; VariantName = "[No Variations]"
Add component (AddParameter): Name = "Status"; Value = "Active"; VariantName = "[No Variations]"
Add component (AddParameter): Name = "TargetLibrary"; Value = "RITRacing-Passives"; VariantName = "[No Variations]"
Add component (AddParameter): Name = "Value"; Value = "Value?"; VariantName = "[No Variations]"
Added Component: Designator=R17(Resistor, TH)
Add component (AddParameter): Name = "Published"; Value = "22Oct2016"; VariantName = "[No Variations]"
Add component (AddParameter): Name = "Publisher"; Value = "T.Tallo"; VariantName = "[No Variations]"
Add component (AddParameter): Name = "Status"; Value = "Active"; VariantName = "[No Variations]"
Add component (AddParameter): Name = "TargetLibrary"; Value = "RITRacing-Passives"; VariantName = "[No Variations]"
Add component (AddParameter): Name = "Value"; Value = "Value?"; VariantName = "[No Variations]"
Added Component: Designator=R18(Resistor, TH)
Add component (AddParameter): Name = "Published"; Value = "22Oct2016"; VariantName = "[No Variations]"
Add component (AddParameter): Name = "Publisher"; Value = "T.Tallo"; VariantName = "[No Variations]"
Add component (AddParameter): Name = "Status"; Value = "Active"; VariantName = "[No Variations]"
Add component (AddParameter): Name = "TargetLibrary"; Value = "RITRacing-Passives"; VariantName = "[No Variations]"
Add component (AddParameter): Name = "Value"; Value = "Value?"; VariantName = "[No Variations]"
Added Component: Designator=R19(Resistor, TH)
Add component (AddParameter): Name = "Published"; Value = "22Oct2016"; VariantName = "[No Variations]"
Add component (AddParameter): Name = "Publisher"; Value = "T.Tallo"; VariantName = "[No Variations]"
Add component (AddParameter): Name = "Status"; Value = "Active"; VariantName = "[No Variations]"
Add component (AddParameter): Name = "TargetLibrary"; Value = "RITRacing-Passives"; VariantName = "[No Variations]"
Add component (AddParameter): Name = "Value"; Value = "Value?"; VariantName = "[No Variations]"
Added Component: Designator=R20(Resistor, TH)
Add component (AddParameter): Name = "Published"; Value = "22Oct2016"; VariantName = "[No Variations]"
Add component (AddParameter): Name = "Publisher"; Value = "T.Tallo"; VariantName = "[No Variations]"
Add component (AddParameter): Name = "Status"; Value = "Active"; VariantName = "[No Variations]"
Add component (AddParameter): Name = "TargetLibrary"; Value = "RITRacing-Passives"; VariantName = "[No Variations]"
Add component (AddParameter): Name = "Value"; Value = "Value?"; VariantName = "[No Variations]"
Added Component: Designator=R21(Resistor, TH)
Add component (AddParameter): Name = "Published"; Value = "22Oct2016"; VariantName = "[No Variations]"
Add component (AddParameter): Name = "Publisher"; Value = "T.Tallo"; VariantName = "[No Variations]"
Add component (AddParameter): Name = "Status"; Value = "Active"; VariantName = "[No Variations]"
Add component (AddParameter): Name = "TargetLibrary"; Value = "RITRacing-Passives"; VariantName = "[No Variations]"
Add component (AddParameter): Name = "Value"; Value = "Value?"; VariantName = "[No Variations]"
Added Component: Designator=R22(Resistor, TH)
Add component (AddParameter): Name = "Published"; Value = "22Oct2016"; VariantName = "[No Variations]"
Add component (AddParameter): Name = "Publisher"; Value = "T.Tallo"; VariantName = "[No Variations]"
Add component (AddParameter): Name = "Status"; Value = "Active"; VariantName = "[No Variations]"
Add component (AddParameter): Name = "TargetLibrary"; Value = "RITRacing-Passives"; VariantName = "[No Variations]"
Add component (AddParameter): Name = "Value"; Value = "Value?"; VariantName = "[No Variations]"
Added Component: Designator=R23(Resistor, TH)
Add component (AddParameter): Name = "Published"; Value = "22Oct2016"; VariantName = "[No Variations]"
Add component (AddParameter): Name = "Publisher"; Value = "T.Tallo"; VariantName = "[No Variations]"
Add component (AddParameter): Name = "Status"; Value = "Active"; VariantName = "[No Variations]"
Add component (AddParameter): Name = "TargetLibrary"; Value = "RITRacing-Passives"; VariantName = "[No Variations]"
Add component (AddParameter): Name = "Value"; Value = "Value?"; VariantName = "[No Variations]"
Added Pin To Net: NetName=12V_Fused Pin=C1-2
Added Pin To Net: NetName=VCC_5V Pin=C2-2
Added Pin To Net: NetName=12V_Fused Pin=C3-2
Added Pin To Net: NetName=VCC_3.3V Pin=C4-2
Added Pin To Net: NetName=GND Pin=C7-1
Added Pin To Net: NetName=VCC_12V Pin=C9-2
Added Pin To Net: NetName=GND Pin=C12-1
Added Pin To Net: NetName=VCC_3.3V Pin=C12-2
Added Pin To Net: NetName=GND Pin=C13-1
Added Pin To Net: NetName=VCC_3.3V Pin=C13-2
Added Pin To Net: NetName=GND Pin=C14-1
Added Pin To Net: NetName=VCC_3.3V Pin=C14-2
Added Pin To Net: NetName=GND Pin=C15-1
Added Pin To Net: NetName=VCC_3.3V Pin=C15-2
Added Pin To Net: NetName=GND Pin=C16-1
Added Pin To Net: NetName=VCC_3.3V Pin=C16-2
Added Pin To Net: NetName=GND Pin=C17-1
Added Pin To Net: NetName=VCC_5V Pin=C17-2
Added Pin To Net: NetName=GND Pin=C18-1
Added Pin To Net: NetName=VCC_5V Pin=C18-2
Added Pin To Net: NetName=GND Pin=C19-1
Added Pin To Net: NetName=VCC_3.3V Pin=C19-2
Added Pin To Net: NetName=GND Pin=C20-1
Added Pin To Net: NetName=VCC_5V Pin=C20-2
Added Pin To Net: NetName=NC Pin=R8-1
Added Pin To Net: NetName=VCC_3.3V Pin=R8-2
Added Pin To Net: NetName=NC Pin=R9-1
Added Pin To Net: NetName=VCC_3.3V Pin=R9-2
Added Pin To Net: NetName=NC Pin=R10-1
Added Pin To Net: NetName=VCC_3.3V Pin=R10-2
Added Pin To Net: NetName=GND Pin=R11-1
Added Pin To Net: NetName=NC Pin=R11-2
Added Pin To Net: NetName=GND Pin=R12-1
Added Pin To Net: NetName=VCC_5V Pin=R16-2
Added Pin To Net: NetName=IM Pin=R17-1
Added Pin To Net: NetName=IP Pin=R17-2
Added Pin To Net: NetName=GND Pin=R19-1
Added Pin To Net: NetName=MISO Pin=R20-1
Added Pin To Net: NetName=VCC_3.3V Pin=R20-2
Added Pin To Net: NetName=GND Pin=R21-1
Added Pin To Net: NetName=GND Pin=R22-1
Added Pin To Net: NetName=NetJ4_4 Pin=R23-1
Added Pin To Net: NetName=NetJ4_3 Pin=R23-2
Added Pin To Net: NetName=NetC6_2 Pin=C6-2
Added Pin To Net: NetName=NetC6_2 Pin=J2-4
Added Pin To Net: NetName=NetC6_2 Pin=R12-2
Added Pin To Net: NetName=NetC6_2 Pin=R13-2
Added Net: Name=NetC6_2
Added Pin To Net: NetName=NetC7_2 Pin=C7-2
Added Pin To Net: NetName=NetC7_2 Pin=R13-1
Added Pin To Net: NetName=NetC7_2 Pin=U1-15
Added Net: Name=NetC7_2
Added Pin To Net: NetName=NetC9_1 Pin=C9-1
Added Pin To Net: NetName=NetC9_1 Pin=C10-1
Added Pin To Net: NetName=NetC9_1 Pin=C11-1
Added Pin To Net: NetName=NetC9_1 Pin=R14-1
Added Net: Name=NetC9_1
Added Pin To Net: NetName=NetC10_2 Pin=C10-2
Added Pin To Net: NetName=NetC10_2 Pin=J2-2
Added Pin To Net: NetName=NetC10_2 Pin=R14-2
Added Pin To Net: NetName=NetC10_2 Pin=R15-2
Added Net: Name=NetC10_2
Added Pin To Net: NetName=NetC11_2 Pin=C11-2
Added Pin To Net: NetName=NetC11_2 Pin=R15-1
Added Pin To Net: NetName=NetC11_2 Pin=U1-14
Added Net: Name=NetC11_2
Added Pin To Net: NetName=NetR16_1 Pin=R16-1
Added Pin To Net: NetName=NetR16_1 Pin=U4-1
Added Net: Name=NetR16_1
Added Pin To Net: NetName=NetR18_1 Pin=R18-1
Added Pin To Net: NetName=NetR18_1 Pin=U3-16
Added Net: Name=NetR18_1
Added Pin To Net: NetName=NetR18_2 Pin=R18-2
Added Pin To Net: NetName=NetR18_2 Pin=R19-2
Added Pin To Net: NetName=NetR18_2 Pin=U3-15
Added Net: Name=NetR18_2
Added Pin To Net: NetName=NetR21_2 Pin=R21-2
Added Pin To Net: NetName=NetR21_2 Pin=U2-8
Added Net: Name=NetR21_2
Added Pin To Net: NetName=NetR22_2 Pin=R22-2
Added Pin To Net: NetName=NetR22_2 Pin=U2-5
Added Net: Name=NetR22_2
Added Member To Class: ClassName=POWER Member=Component C1 10uF
Added Member To Class: ClassName=POWER Member=Component C2 10uF
Added Member To Class: ClassName=POWER Member=Component C3 10uF
Added Member To Class: ClassName=POWER Member=Component C4 10uF
Added Member To Class: ClassName=CONNECTORS Member=Component C5 500nF
Added Member To Class: ClassName=CONNECTORS Member=Component C6 47nF
Added Member To Class: ClassName=CONNECTORS Member=Component C7 10uF
Added Member To Class: ClassName=CONNECTORS Member=Component C9 47nF
Added Member To Class: ClassName=CONNECTORS Member=Component C10 47nF
Added Member To Class: ClassName=CONNECTORS Member=Component C11 10uF
Added Member To Class: ClassName=PROCESSOR Member=Component C12 100nF
Added Member To Class: ClassName=PROCESSOR Member=Component C13 100nF
Added Member To Class: ClassName=PROCESSOR Member=Component C14 100nF
Added Member To Class: ClassName=PROCESSOR Member=Component C15 100nF
Added Member To Class: ClassName=PROCESSOR Member=Component C16 100nF
Added Member To Class: ClassName=PROCESSOR Member=Component C17 100nF
Added Member To Class: ClassName=COMMUNICATIONS Member=Component C18 100nF
Added Member To Class: ClassName=COMMUNICATIONS Member=Component C19 100nF
Added Member To Class: ClassName=COMMUNICATIONS Member=Component C20 100nF
Added Member To Class: ClassName=CONNECTORS Member=Component R8 100k
Added Member To Class: ClassName=CONNECTORS Member=Component R9 100k
Added Member To Class: ClassName=CONNECTORS Member=Component R10 100k
Added Member To Class: ClassName=CONNECTORS Member=Component R11 100k
Added Member To Class: ClassName=CONNECTORS Member=Component R12 12k
Added Member To Class: ClassName=CONNECTORS Member=Component R13 160r
Added Member To Class: ClassName=CONNECTORS Member=Component R14 12k
Added Member To Class: ClassName=CONNECTORS Member=Component R15 160r
Added Member To Class: ClassName=CONNECTORS Member=Component R16 160r
Added Member To Class: ClassName=COMMUNICATIONS Member=Component R17 120r
Added Member To Class: ClassName=COMMUNICATIONS Member=Component R18 806r
Added Member To Class: ClassName=COMMUNICATIONS Member=Component R19 1.21k 5%
Added Member To Class: ClassName=COMMUNICATIONS Member=Component R20 2k
Added Member To Class: ClassName=COMMUNICATIONS Member=Component R21 10k
Added Member To Class: ClassName=COMMUNICATIONS Member=Component R22 120r
Added Member To Class: ClassName=COMMUNICATIONS Member=Component R23 120r
