Removed Member From Class: ClassName=COMMUNICATIONS Member=C6
Removed Member From Class: ClassName=COMMUNICATIONS Member=C7
Removed Member From Class: ClassName=POWER Member=C8
Removed Member From Class: ClassName=COMMUNICATIONS Member=C9
Removed Member From Class: ClassName=PROCESSOR Member=C9
Removed Member From Class: ClassName=COMMUNICATIONS Member=C10
Removed Member From Class: ClassName=PROCESSOR Member=C10
Removed Member From Class: ClassName=COMMUNICATIONS Member=C11
Removed Member From Class: ClassName=PROCESSOR Member=C11
Removed Member From Class: ClassName=COMMUNICATIONS Member=R9
Removed Member From Class: ClassName=PROCESSOR Member=R9
Removed Member From Class: ClassName=COMMUNICATIONS Member=R12
Removed Member From Class: ClassName=COMMUNICATIONS Member=R13
Removed Member From Class: ClassName=COMMUNICATIONS Member=R14
Removed Member From Class: ClassName=COMMUNICATIONS Member=R15
Removed Member From Class: ClassName=PROCESSOR Member=R26
Removed Member From Class: ClassName=COMMUNICATIONS Member=U4
Removed Member From Class: ClassName=CONNECTORS Member=U4
Removed Member From Class: ClassName=POWER Member=U4
Removed Member From Class: ClassName=COMMUNICATIONS Member=U5
Added Component: Designator=U6(LT-MS-16_M)
Add component (AddParameter): Name = "ComponentLink1Description"; Value = "Manufacturer URL"; VariantName = "[No Variations]"
Add component (AddParameter): Name = "ComponentLink1URL"; Value = "http://www.linear.com/"; VariantName = "[No Variations]"
Add component (AddParameter): Name = "ComponentLink2Description"; Value = "Datasheet"; VariantName = "[No Variations]"
Add component (AddParameter): Name = "ComponentLink2URL"; Value = "http://cds.linear.com/docs/en/datasheet/6820fa.pdf"; VariantName = "[No Variations]"
Add component (AddParameter): Name = "ComponentLink3Description"; Value = "Package Specification"; VariantName = "[No Variations]"
Add component (AddParameter): Name = "ComponentLink3URL"; Value = "http://cds.linear.com/docs/en/packaging/05081669_A_MS16.pdf"; VariantName = "[No Variations]"
Add component (AddParameter): Name = "DatasheetVersion"; Value = "Rev. A"; VariantName = "[No Variations]"
Add component (AddParameter): Name = "IO Supply Current"; Value = "1 uA Max."; VariantName = "[No Variations]"
Add component (AddParameter): Name = "IO Supply Voltage Range"; Value = "1.7 to 5.5 V"; VariantName = "[No Variations]"
Add component (AddParameter): Name = "Manufacturer"; Value = "Linear Technology"; VariantName = "[No Variations]"
Add component (AddParameter): Name = "Manufacturer Part Number"; Value = "LTC6820IMS#TRPBF"; VariantName = "[No Variations]"
Add component (AddParameter): Name = "Mounting Technology"; Value = "Surface Mount"; VariantName = "[No Variations]"
Add component (AddParameter): Name = "PackageDescription"; Value = "16-Pin Micro Small Outline Package, Body 4.039 x 3 mm, Pitch 0.5 mm"; VariantName = "[No Variations]"
Add component (AddParameter): Name = "PackageReference"; Value = "MS-16"; VariantName = "[No Variations]"
Add component (AddParameter): Name = "PackageVersion"; Value = "Rev. A"; VariantName = "[No Variations]"
Add component (AddParameter): Name = "Packing"; Value = "Tape and Reel"; VariantName = "[No Variations]"
Add component (AddParameter): Name = "PartNumber"; Value = "LTC6820IMS#TRPBF"; VariantName = "[No Variations]"
Add component (AddParameter): Name = "Power Supply"; Value = "2.7 to 5.5 V"; VariantName = "[No Variations]"
Add component (AddParameter): Name = "Receiver Input Resistance"; Value = "35 kOhm"; VariantName = "[No Variations]"
Add component (AddParameter): Name = "Supply Current, IDLE State"; Value = "2 uA"; VariantName = "[No Variations]"
Add component (AddParameter): Name = "Temperature Range (degC)"; Value = "-40 to 85"; VariantName = "[No Variations]"
Add component (AddParameter): Name = "VBIAS"; Value = "1.9 to 2.1 V"; VariantName = "[No Variations]"
Added Pin To Net: NetName=GND Pin=U6-1
Added Pin To Net: NetName=NetU4_36 Pin=U6-2
Added Pin To Net: NetName=MISO Pin=U6-3
Added Pin To Net: NetName=NetU4_34 Pin=U6-4
Added Pin To Net: NetName=NetU4_33 Pin=U6-5
Added Pin To Net: NetName=VCC_3.3V Pin=U6-6
Added Pin To Net: NetName=NetR22_1 Pin=U6-7
Added Pin To Net: NetName=NetR24_1 Pin=U6-8
Added Pin To Net: NetName=VCC_5V Pin=U6-9
Added Pin To Net: NetName=IM Pin=U6-10
Added Pin To Net: NetName=IP Pin=U6-11
Added Pin To Net: NetName=VCC_5V Pin=U6-12
Added Pin To Net: NetName=GND Pin=U6-13
Added Pin To Net: NetName=GND Pin=U6-14
Added Pin To Net: NetName=NetR21_2 Pin=U6-15
Added Pin To Net: NetName=NetR21_1 Pin=U6-16
Added Member To Class: ClassName=POWER Member=Component C2 10uF
Added Member To Class: ClassName=POWER Member=Component C3 10uF
Added Member To Class: ClassName=POWER Member=Component C4 10uF
Added Member To Class: ClassName=POWER Member=Component C5 10uF
Added Member To Class: ClassName=PROCESSOR Member=Component C15 4.7uF
Added Member To Class: ClassName=PROCESSOR Member=Component C17 1uF
Added Member To Class: ClassName=PROCESSOR Member=Component C18 4.7uF
Added Member To Class: ClassName=PROCESSOR Member=Component C19 100nF
Added Member To Class: ClassName=COMMUNICATIONS Member=Component C21 10nF
Added Member To Class: ClassName=COMMUNICATIONS Member=Component C22 10nF
Added Member To Class: ClassName=COMMUNICATIONS Member=Component C23 100nF
Added Member To Class: ClassName=COMMUNICATIONS Member=Component C24 100nF
Added Member To Class: ClassName=COMMUNICATIONS Member=Component C25 10nF
Added Member To Class: ClassName=COMMUNICATIONS Member=Component C26 100nF
Added Member To Class: ClassName=CONNECTORS Member=Component R9 12K
Added Member To Class: ClassName=CONNECTORS Member=Component R11 1.60K
Added Member To Class: ClassName=CONNECTORS Member=Component R16 10k
Added Member To Class: ClassName=PROCESSOR Member=Component R18 2k
Added Member To Class: ClassName=PROCESSOR Member=Component R19 0805 jumper
Added Member To Class: ClassName=PROCESSOR Member=Component R20 0805 jumper
Added Member To Class: ClassName=COMMUNICATIONS Member=Component R21 806r .1%
Added Member To Class: ClassName=COMMUNICATIONS Member=Component R23 0805 jumper
Added Member To Class: ClassName=COMMUNICATIONS Member=Component R24 0805 jumper
Added Member To Class: ClassName=COMMUNICATIONS Member=Component R25 0805 jumper
Added Member To Class: ClassName=COMMUNICATIONS Member=Component R26 1.21k .1%
Added Member To Class: ClassName=COMMUNICATIONS Member=Component R27 2k
Added Member To Class: ClassName=COMMUNICATIONS Member=Component R28 120r
Added Member To Class: ClassName=COMMUNICATIONS Member=Component R30 300r
Added Member To Class: ClassName=COMMUNICATIONS Member=Component R32 300r
Added Member To Class: ClassName=POWER Member=Component U1 VXO7805-1000
Added Member To Class: ClassName=POWER Member=Component U2 LM1117T-3.3
Added Member To Class: ClassName=CONNECTORS Member=Component U3 Reset Button
Added Member To Class: ClassName=PROCESSOR Member=Component U5 74ACT541SC
Added Member To Class: ClassName=COMMUNICATIONS Member=Component U6 LTC6820IMS#TRPBF
Added Member To Class: ClassName=COMMUNICATIONS Member=Component U7 NXP CAN Transceiver
Added Room: Name=COMMUNICATIONS
Added Room: Name=CONNECTORS
Added Room: Name=POWER
Added Room: Name=PROCESSOR
