Added Component: Designator=U1(*QFP50P1200X1200X160-64N)
Add component (AddParameter): Name = "Ambient Temperature Range High"; Value = "+85°C"; VariantName = "[No Variations]"
Add component (AddParameter): Name = "Ambient Temperature Range Low"; Value = "-40°C"; VariantName = "[No Variations]"
Add component (AddParameter): Name = "Automotive"; Value = "No"; VariantName = "[No Variations]"
Add component (AddParameter): Name = "Category"; Value = "IC"; VariantName = "[No Variations]"
Add component (AddParameter): Name = "ComponentLink2Description"; Value = "Datasheet"; VariantName = "[No Variations]"
Add component (AddParameter): Name = "ComponentLink2URL"; Value = "https://www.st.com/resource/en/datasheet/stm32f091rc.pdf"; VariantName = "[No Variations]"
Add component (AddParameter): Name = "Core Architecture"; Value = "ARM Cortex-M0"; VariantName = "[No Variations]"
Add component (AddParameter): Name = "Data Bus Width"; Value = "32bits"; VariantName = "[No Variations]"
Add component (AddParameter): Name = "Device Class L1"; Value = "Integrated Circuits (ICs)"; VariantName = "[No Variations]"
Add component (AddParameter): Name = "Device Class L2"; Value = "Embedded Processors and Controllers"; VariantName = "[No Variations]"
Add component (AddParameter): Name = "Device Class L3"; Value = "Microcontrollers"; VariantName = "[No Variations]"
Add component (AddParameter): Name = "Digikey Description"; Value = "IC MCU 32BIT 256KB FLASH 64LQFP"; VariantName = "[No Variations]"
Add component (AddParameter): Name = "Frequency"; Value = "48MHz"; VariantName = "[No Variations]"
Add component (AddParameter): Name = "Height"; Value = "1.6mm"; VariantName = "[No Variations]"
Add component (AddParameter): Name = "Interface"; Value = "I2C,SPI,USART,CAN,LIN,IrDA,I2S,SMBus"; VariantName = "[No Variations]"
Add component (AddParameter): Name = "Ipc Land Pattern Name"; Value = "QFP50P1200X1200X160-64"; VariantName = "[No Variations]"
Add component (AddParameter): Name = "Lead Free"; Value = "Yes"; VariantName = "[No Variations]"
Add component (AddParameter): Name = "Manufacturer"; Value = "STMicroelectronics"; VariantName = "[No Variations]"
Add component (AddParameter): Name = "Manufacturer Part Number"; Value = "STM32F091RCT6"; VariantName = "[No Variations]"
Add component (AddParameter): Name = "Max Junction Temp"; Value = "+105°C"; VariantName = "[No Variations]"
Add component (AddParameter): Name = "Max Supply Voltage"; Value = "3.6V"; VariantName = "[No Variations]"
Add component (AddParameter): Name = "Memory Size"; Value = "256KBytes"; VariantName = "[No Variations]"
Add component (AddParameter): Name = "Memory Type"; Value = "FLASH"; VariantName = "[No Variations]"
Add component (AddParameter): Name = "Min Supply Voltage"; Value = "2V"; VariantName = "[No Variations]"
Add component (AddParameter): Name = "Mouser Description"; Value = "ARM Microcontrollers - MCU 16/32-BITS MICROS"; VariantName = "[No Variations]"
Add component (AddParameter): Name = "Nominal Supply Current"; Value = "0.9-26.9mA"; VariantName = "[No Variations]"
Add component (AddParameter): Name = "Number Of A/D Converters"; Value = "1"; VariantName = "[No Variations]"
Add component (AddParameter): Name = "Number Of Adc Channels"; Value = "19"; VariantName = "[No Variations]"
Add component (AddParameter): Name = "Number Of Cores"; Value = "1"; VariantName = "[No Variations]"
Add component (AddParameter): Name = "Number Of I2C Channels"; Value = "2"; VariantName = "[No Variations]"
Add component (AddParameter): Name = "Number Of I/Os"; Value = "52"; VariantName = "[No Variations]"
Add component (AddParameter): Name = "Number Of Pwm Channels"; Value = "6"; VariantName = "[No Variations]"
Add component (AddParameter): Name = "Number Of Spi Channels"; Value = "2"; VariantName = "[No Variations]"
Add component (AddParameter): Name = "Number Of Timers/Counters"; Value = "10"; VariantName = "[No Variations]"
Add component (AddParameter): Name = "Number Of Uart Channels"; Value = "8"; VariantName = "[No Variations]"
Add component (AddParameter): Name = "Octopart"; Value = "https://octopart.com/stm32f091rct6-stmicroelectronics-51988683"; VariantName = "[No Variations]"
Add component (AddParameter): Name = "Package"; Value = "LQFP64-5W"; VariantName = "[No Variations]"
Add component (AddParameter): Name = "Ram Size"; Value = "32KBytes"; VariantName = "[No Variations]"
Add component (AddParameter): Name = "RoHS"; Value = "TRUE"; VariantName = "[No Variations]"
Add component (AddParameter): Name = "Standoff Height"; Value = "0.05mm"; VariantName = "[No Variations]"
Add component (AddParameter): Name = "Temperature"; Value = "-40°C to +85°C"; VariantName = "[No Variations]"
Add component (AddParameter): Name = "Temperature Range High"; Value = "+85°C"; VariantName = "[No Variations]"
Add component (AddParameter): Name = "Temperature Range Low"; Value = "-40°C"; VariantName = "[No Variations]"
Added Pin To Net: NetName=RESET Pin=U1-7
Added Pin To Net: NetName=GND Pin=U1-12
Added Pin To Net: NetName=VCC_3.3V Pin=U1-13
Added Pin To Net: NetName=NetC_CSI_5_2 Pin=U1-14
Added Pin To Net: NetName=NetC_CSI_2_2 Pin=U1-15
Added Pin To Net: NetName=HEARTBEAT_BUFF Pin=U1-16
Added Pin To Net: NetName=GND Pin=U1-18
Added Pin To Net: NetName=VCC_3.3V Pin=U1-19
Added Pin To Net: NetName=SHUTDOWN_BUFF Pin=U1-23
Added Pin To Net: NetName=GND Pin=U1-31
Added Pin To Net: NetName=VCC_3.3V Pin=U1-32
Added Pin To Net: NetName=NetU1_33 Pin=U1-33
Added Pin To Net: NetName=NetU1_34 Pin=U1-34
Added Pin To Net: NetName=MISO Pin=U1-35
Added Pin To Net: NetName=NetU1_36 Pin=U1-36
Added Pin To Net: NetName=ChargeSignal Pin=U1-41
Added Pin To Net: NetName=CanRx Pin=U1-44
Added Pin To Net: NetName=CanTx Pin=U1-45
Added Pin To Net: NetName=NC Pin=U1-46
Added Pin To Net: NetName=GND Pin=U1-47
Added Pin To Net: NetName=VCC_3.3V Pin=U1-48
Added Pin To Net: NetName=NC Pin=U1-49
Added Pin To Net: NetName=GND Pin=U1-63
Added Pin To Net: NetName=VCC_3.3V Pin=U1-64
Added Member To Class: ClassName=PROCESSOR Member=Component U1 STM32F091RCT6
