Added Component: Designator=C24(Cap, 5mm TH, Ceramic)
Add component (AddParameter): Name = "Published"; Value = "22Oct2016"; VariantName = "[No Variations]"
Add component (AddParameter): Name = "Publisher"; Value = "T.Tallo"; VariantName = "[No Variations]"
Add component (AddParameter): Name = "Status"; Value = "Active"; VariantName = "[No Variations]"
Add component (AddParameter): Name = "TargetLibrary"; Value = "RITRacing-Passives"; VariantName = "[No Variations]"
Add component (AddParameter): Name = "Value"; Value = "Value?"; VariantName = "[No Variations]"
Added Component: Designator=C25(Cap, 5mm TH, Ceramic)
Add component (AddParameter): Name = "Published"; Value = "22Oct2016"; VariantName = "[No Variations]"
Add component (AddParameter): Name = "Publisher"; Value = "T.Tallo"; VariantName = "[No Variations]"
Add component (AddParameter): Name = "Status"; Value = "Active"; VariantName = "[No Variations]"
Add component (AddParameter): Name = "TargetLibrary"; Value = "RITRacing-Passives"; VariantName = "[No Variations]"
Add component (AddParameter): Name = "Value"; Value = "Value?"; VariantName = "[No Variations]"
Added Component: Designator=R27(Resistor, TH)
Add component (AddParameter): Name = "Published"; Value = "22Oct2016"; VariantName = "[No Variations]"
Add component (AddParameter): Name = "Publisher"; Value = "T.Tallo"; VariantName = "[No Variations]"
Add component (AddParameter): Name = "Status"; Value = "Active"; VariantName = "[No Variations]"
Add component (AddParameter): Name = "TargetLibrary"; Value = "RITRacing-Passives"; VariantName = "[No Variations]"
Add component (AddParameter): Name = "Value"; Value = "Value?"; VariantName = "[No Variations]"
Added Pin To Net: NetName=NetC24_1 Pin=C24-1
Added Pin To Net: NetName=NetC24_2 Pin=C24-2
Added Pin To Net: NetName=CHANNEL1 Pin=C25-1
Added Pin To Net: NetName=NetC24_2 Pin=C25-2
Added Pin To Net: NetName=NetC24_2 Pin=R27-1
Added Pin To Net: NetName=NetC24_1 Pin=R27-2
Added Member To Class: ClassName=CONNECTORS Member=Component C24 47nF
Added Member To Class: ClassName=CONNECTORS Member=Component C25 47nF
Added Member To Class: ClassName=CONNECTORS Member=Component R27 12K
