Change Component Footprint: Designator=R1 Old Footprint=RES_ERJP06J161V New Footprint=RESC2013X60X35ML10T20
Change Component Footprint: Designator=R2 Old Footprint=RES_ERJP06J161V New Footprint=RESC2013X60X35ML10T20
Change Component Footprint: Designator=R3 Old Footprint=RES_ERJP06J161V New Footprint=RESC2013X60X35ML10T20
Change Component Footprint: Designator=R4 Old Footprint=RES_ERJP06J161V New Footprint=RESC2013X60X35ML10T20
Change Component Footprint: Designator=R5 Old Footprint=RES_ERJP06J161V New Footprint=RESC2013X60X35ML10T20
Change Component Footprint: Designator=R6 Old Footprint=RES_ERJP06J161V New Footprint=RESC2013X60X35ML10T20
Change Component Footprint: Designator=R7 Old Footprint=RES_ERJP06J161V New Footprint=RESC2013X60X35ML10T20
Change Component Comment : Designator=R7 Old Comment=ERJP06J161V New Comment=1.2k
Change Component Comment : Designator=R1 Old Comment=ERJP06J161V New Comment=365R
Change Component Comment : Designator=R2 Old Comment=ERJP06J161V New Comment=365R
Change Component Comment : Designator=R3 Old Comment=ERJP06J161V New Comment=365R
Change Component Comment : Designator=R4 Old Comment=ERJP06J161V New Comment=365R
Change Component Comment : Designator=R5 Old Comment=ERJP06J161V New Comment=365R
Change Component Comment : Designator=R6 Old Comment=ERJP06J161V New Comment=365R
Change Managed Component Library Link : Designator=R1 Old VaultGUID= New VaultGUID=B7D15EC3-160A-466F-A46C-7801FE6295A7 Old ItemGUID= New ItemGUID=4194027A-1B3B-4142-83D4-49D6DBFAC1AF Old RevisionGUID= New RevisionGUID=774F5448-C3C6-41E6-BAFB-B5E7F6DCF204
Change Managed Component Library Link : Designator=R2 Old VaultGUID= New VaultGUID=B7D15EC3-160A-466F-A46C-7801FE6295A7 Old ItemGUID= New ItemGUID=4194027A-1B3B-4142-83D4-49D6DBFAC1AF Old RevisionGUID= New RevisionGUID=774F5448-C3C6-41E6-BAFB-B5E7F6DCF204
Change Managed Component Library Link : Designator=R3 Old VaultGUID= New VaultGUID=B7D15EC3-160A-466F-A46C-7801FE6295A7 Old ItemGUID= New ItemGUID=4194027A-1B3B-4142-83D4-49D6DBFAC1AF Old RevisionGUID= New RevisionGUID=774F5448-C3C6-41E6-BAFB-B5E7F6DCF204
Change Managed Component Library Link : Designator=R4 Old VaultGUID= New VaultGUID=B7D15EC3-160A-466F-A46C-7801FE6295A7 Old ItemGUID= New ItemGUID=4194027A-1B3B-4142-83D4-49D6DBFAC1AF Old RevisionGUID= New RevisionGUID=774F5448-C3C6-41E6-BAFB-B5E7F6DCF204
Change Managed Component Library Link : Designator=R5 Old VaultGUID= New VaultGUID=B7D15EC3-160A-466F-A46C-7801FE6295A7 Old ItemGUID= New ItemGUID=4194027A-1B3B-4142-83D4-49D6DBFAC1AF Old RevisionGUID= New RevisionGUID=774F5448-C3C6-41E6-BAFB-B5E7F6DCF204
Change Managed Component Library Link : Designator=R6 Old VaultGUID= New VaultGUID=B7D15EC3-160A-466F-A46C-7801FE6295A7 Old ItemGUID= New ItemGUID=4194027A-1B3B-4142-83D4-49D6DBFAC1AF Old RevisionGUID= New RevisionGUID=774F5448-C3C6-41E6-BAFB-B5E7F6DCF204
Change Managed Component Library Link : Designator=R7 Old VaultGUID= New VaultGUID=B7D15EC3-160A-466F-A46C-7801FE6295A7 Old ItemGUID= New ItemGUID=172F0F5A-4E82-499A-86AC-173867D6E544 Old RevisionGUID= New RevisionGUID=15C68585-8B56-46EF-8041-C8DBF310978A
Change component parameters: Designator = "R1" ("R1"); Footprint = "RES_ERJP06J161V"; UniqueID = "\JYVBMQAX" ("\JYVBMQAX")
Change component parameters (AddParameter): Name = "Manufacturer"; Value = "Yageo"; VariantName = "[No Variations]"
Change component parameters (AddParameter): Name = "Part Number"; Value = "RC0805FR-07365RL"; VariantName = "[No Variations]"
Change component parameters: Designator = "R2" ("R2"); Footprint = "RES_ERJP06J161V"; UniqueID = "\NGLZTATK" ("\NGLZTATK")
Change component parameters (AddParameter): Name = "Manufacturer"; Value = "Yageo"; VariantName = "[No Variations]"
Change component parameters (AddParameter): Name = "Part Number"; Value = "RC0805FR-07365RL"; VariantName = "[No Variations]"
Change component parameters: Designator = "R3" ("R3"); Footprint = "RES_ERJP06J161V"; UniqueID = "\JUPTMZMG" ("\JUPTMZMG")
Change component parameters (AddParameter): Name = "Manufacturer"; Value = "Yageo"; VariantName = "[No Variations]"
Change component parameters (AddParameter): Name = "Part Number"; Value = "RC0805FR-07365RL"; VariantName = "[No Variations]"
Change component parameters: Designator = "R4" ("R4"); Footprint = "RES_ERJP06J161V"; UniqueID = "\QTUZWIFU" ("\QTUZWIFU")
Change component parameters (AddParameter): Name = "Manufacturer"; Value = "Yageo"; VariantName = "[No Variations]"
Change component parameters (AddParameter): Name = "Part Number"; Value = "RC0805FR-07365RL"; VariantName = "[No Variations]"
Change component parameters: Designator = "R5" ("R5"); Footprint = "RES_ERJP06J161V"; UniqueID = "\HODLXPJB" ("\HODLXPJB")
Change component parameters (AddParameter): Name = "Manufacturer"; Value = "Yageo"; VariantName = "[No Variations]"
Change component parameters (AddParameter): Name = "Part Number"; Value = "RC0805FR-07365RL"; VariantName = "[No Variations]"
Change component parameters: Designator = "R6" ("R6"); Footprint = "RES_ERJP06J161V"; UniqueID = "\KCSRQGHV" ("\KCSRQGHV")
Change component parameters (AddParameter): Name = "Manufacturer"; Value = "Yageo"; VariantName = "[No Variations]"
Change component parameters (AddParameter): Name = "Part Number"; Value = "RC0805FR-07365RL"; VariantName = "[No Variations]"
Change component parameters: Designator = "R7" ("R7"); Footprint = "RES_ERJP06J161V"; UniqueID = "\PGZAQRTZ" ("\PGZAQRTZ")
Change component parameters (AddParameter): Name = "Manufacturer"; Value = "Yageo"; VariantName = "[No Variations]"
Change component parameters (AddParameter): Name = "Part Number"; Value = "RC0805FR-071K24L"; VariantName = "[No Variations]"
